/bin/sh: 1: php: not found
/bin/sh: 1: php: not found
/bin/sh: 1: php: not found

   INFO  No scheduled commands are ready to run.  


  2025-04-02 17:50:01 Running ['artisan' app:notify-webinar-users]  557.68ms DONE
  ⇂ '/usr/local/bin/php' 'artisan' app:notify-webinar-users > '/dev/null' 2>&1  


   INFO  No scheduled commands are ready to run.  


   INFO  No scheduled commands are ready to run.  


   INFO  No scheduled commands are ready to run.  


   INFO  No scheduled commands are ready to run.  


   INFO  No scheduled commands are ready to run.  


   INFO  No scheduled commands are ready to run.  


   INFO  No scheduled commands are ready to run.  


   INFO  No scheduled commands are ready to run.  


   INFO  No scheduled commands are ready to run.  


  2025-04-02 18:00:01 Running ['artisan' app:notify-webinar-users]  317.08ms DONE
  ⇂ '/usr/local/bin/php' 'artisan' app:notify-webinar-users > '/dev/null' 2>&1  


   INFO  No scheduled commands are ready to run.  


   INFO  No scheduled commands are ready to run.  


   INFO  No scheduled commands are ready to run.  


   INFO  No scheduled commands are ready to run.  


   INFO  No scheduled commands are ready to run.  


   INFO  No scheduled commands are ready to run.  


   INFO  No scheduled commands are ready to run.  


   INFO  No scheduled commands are ready to run.  


   INFO  No scheduled commands are ready to run.  


  2025-04-02 18:10:01 Running ['artisan' app:notify-webinar-users]  366.97ms DONE
  ⇂ '/usr/local/bin/php' 'artisan' app:notify-webinar-users > '/dev/null' 2>&1  


   INFO  No scheduled commands are ready to run.  


   INFO  No scheduled commands are ready to run.  


   INFO  No scheduled commands are ready to run.  


   INFO  No scheduled commands are ready to run.  


   INFO  No scheduled commands are ready to run.  


   INFO  No scheduled commands are ready to run.  


   INFO  No scheduled commands are ready to run.  


   INFO  No scheduled commands are ready to run.  


   INFO  No scheduled commands are ready to run.  


  2025-04-02 18:20:01 Running ['artisan' app:notify-webinar-users]  308.52ms DONE
  ⇂ '/usr/local/bin/php' 'artisan' app:notify-webinar-users > '/dev/null' 2>&1  


   INFO  No scheduled commands are ready to run.  


   INFO  No scheduled commands are ready to run.  


   INFO  No scheduled commands are ready to run.  


   INFO  No scheduled commands are ready to run.  


   INFO  No scheduled commands are ready to run.  


   INFO  No scheduled commands are ready to run.  


   INFO  No scheduled commands are ready to run.  


   INFO  No scheduled commands are ready to run.  


   INFO  No scheduled commands are ready to run.  


  2025-04-02 18:30:02 Running ['artisan' app:notify-webinar-users]  318.11ms DONE
  ⇂ '/usr/local/bin/php' 'artisan' app:notify-webinar-users > '/dev/null' 2>&1  


   INFO  No scheduled commands are ready to run.  


   INFO  No scheduled commands are ready to run.  


   INFO  No scheduled commands are ready to run.  


   INFO  No scheduled commands are ready to run.  


   INFO  No scheduled commands are ready to run.  


   INFO  No scheduled commands are ready to run.  


   INFO  No scheduled commands are ready to run.  


   INFO  No scheduled commands are ready to run.  


   INFO  No scheduled commands are ready to run.  


  2025-04-02 18:40:02 Running ['artisan' app:notify-webinar-users]  338.83ms DONE
  ⇂ '/usr/local/bin/php' 'artisan' app:notify-webinar-users > '/dev/null' 2>&1  


   INFO  No scheduled commands are ready to run.  


   INFO  No scheduled commands are ready to run.  


   INFO  No scheduled commands are ready to run.  


   INFO  No scheduled commands are ready to run.  


   INFO  No scheduled commands are ready to run.  


   INFO  No scheduled commands are ready to run.  


   INFO  No scheduled commands are ready to run.  


   INFO  No scheduled commands are ready to run.  


   INFO  No scheduled commands are ready to run.  


  2025-04-02 18:50:01 Running ['artisan' app:notify-webinar-users]  288.59ms DONE
  ⇂ '/usr/local/bin/php' 'artisan' app:notify-webinar-users > '/dev/null' 2>&1  


   INFO  No scheduled commands are ready to run.  


   INFO  No scheduled commands are ready to run.  


   INFO  No scheduled commands are ready to run.  


   INFO  No scheduled commands are ready to run.  


   INFO  No scheduled commands are ready to run.  


   INFO  No scheduled commands are ready to run.  


   INFO  No scheduled commands are ready to run.  


   INFO  No scheduled commands are ready to run.  


   INFO  No scheduled commands are ready to run.  


  2025-04-02 19:00:01 Running ['artisan' app:notify-webinar-users]  338.66ms DONE
  ⇂ '/usr/local/bin/php' 'artisan' app:notify-webinar-users > '/dev/null' 2>&1  


   INFO  No scheduled commands are ready to run.  


   INFO  No scheduled commands are ready to run.  


   INFO  No scheduled commands are ready to run.  


   INFO  No scheduled commands are ready to run.  


   INFO  No scheduled commands are ready to run.  


   INFO  No scheduled commands are ready to run.  


   INFO  No scheduled commands are ready to run.  


   INFO  No scheduled commands are ready to run.  


   INFO  No scheduled commands are ready to run.  


  2025-04-02 19:10:02 Running ['artisan' app:notify-webinar-users]  351.03ms DONE
  ⇂ '/usr/local/bin/php' 'artisan' app:notify-webinar-users > '/dev/null' 2>&1  


   INFO  No scheduled commands are ready to run.  


   INFO  No scheduled commands are ready to run.  


   INFO  No scheduled commands are ready to run.  


   INFO  No scheduled commands are ready to run.  


   INFO  No scheduled commands are ready to run.  


   INFO  No scheduled commands are ready to run.  


   INFO  No scheduled commands are ready to run.  


   INFO  No scheduled commands are ready to run.  


   INFO  No scheduled commands are ready to run.  


  2025-04-02 19:20:01 Running ['artisan' app:notify-webinar-users]  311.67ms DONE
  ⇂ '/usr/local/bin/php' 'artisan' app:notify-webinar-users > '/dev/null' 2>&1  


   INFO  No scheduled commands are ready to run.  


   INFO  No scheduled commands are ready to run.  


   INFO  No scheduled commands are ready to run.  


   INFO  No scheduled commands are ready to run.  


   INFO  No scheduled commands are ready to run.  


   INFO  No scheduled commands are ready to run.  


   INFO  No scheduled commands are ready to run.  


   INFO  No scheduled commands are ready to run.  


   INFO  No scheduled commands are ready to run.  


  2025-04-02 19:30:01 Running ['artisan' app:notify-webinar-users]  532.36ms DONE
  ⇂ '/usr/local/bin/php' 'artisan' app:notify-webinar-users > '/dev/null' 2>&1  


   INFO  No scheduled commands are ready to run.  


   INFO  No scheduled commands are ready to run.  


   INFO  No scheduled commands are ready to run.  


   INFO  No scheduled commands are ready to run.  


   INFO  No scheduled commands are ready to run.  


   INFO  No scheduled commands are ready to run.  


   INFO  No scheduled commands are ready to run.  


   INFO  No scheduled commands are ready to run.  


   INFO  No scheduled commands are ready to run.  


  2025-04-02 19:40:01 Running ['artisan' app:notify-webinar-users]  365.93ms DONE
  ⇂ '/usr/local/bin/php' 'artisan' app:notify-webinar-users > '/dev/null' 2>&1  


   INFO  No scheduled commands are ready to run.  


   INFO  No scheduled commands are ready to run.  


   INFO  No scheduled commands are ready to run.  


   INFO  No scheduled commands are ready to run.  


   INFO  No scheduled commands are ready to run.  


   INFO  No scheduled commands are ready to run.  


   INFO  No scheduled commands are ready to run.  


   INFO  No scheduled commands are ready to run.  


   INFO  No scheduled commands are ready to run.  


  2025-04-02 19:50:01 Running ['artisan' app:notify-webinar-users]  355.90ms DONE
  ⇂ '/usr/local/bin/php' 'artisan' app:notify-webinar-users > '/dev/null' 2>&1  


   INFO  No scheduled commands are ready to run.  


   INFO  No scheduled commands are ready to run.  


   INFO  No scheduled commands are ready to run.  


   INFO  No scheduled commands are ready to run.  


   INFO  No scheduled commands are ready to run.  


   INFO  No scheduled commands are ready to run.  


   INFO  No scheduled commands are ready to run.  


   INFO  No scheduled commands are ready to run.  


   INFO  No scheduled commands are ready to run.  


  2025-04-02 20:00:01 Running ['artisan' app:notify-webinar-users]  306.88ms DONE
  ⇂ '/usr/local/bin/php' 'artisan' app:notify-webinar-users > '/dev/null' 2>&1  


   INFO  No scheduled commands are ready to run.  


   INFO  No scheduled commands are ready to run.  


   INFO  No scheduled commands are ready to run.  


   INFO  No scheduled commands are ready to run.  


   INFO  No scheduled commands are ready to run.  


   INFO  No scheduled commands are ready to run.  


   INFO  No scheduled commands are ready to run.  


   INFO  No scheduled commands are ready to run.  


   INFO  No scheduled commands are ready to run.  


  2025-04-02 20:10:01 Running ['artisan' app:notify-webinar-users]  326.28ms DONE
  ⇂ '/usr/local/bin/php' 'artisan' app:notify-webinar-users > '/dev/null' 2>&1  


   INFO  No scheduled commands are ready to run.  


   INFO  No scheduled commands are ready to run.  


   INFO  No scheduled commands are ready to run.  


   INFO  No scheduled commands are ready to run.  


   INFO  No scheduled commands are ready to run.  


   INFO  No scheduled commands are ready to run.  


   INFO  No scheduled commands are ready to run.  


   INFO  No scheduled commands are ready to run.  


   INFO  No scheduled commands are ready to run.  


  2025-04-02 20:20:01 Running ['artisan' app:notify-webinar-users]  301.91ms DONE
  ⇂ '/usr/local/bin/php' 'artisan' app:notify-webinar-users > '/dev/null' 2>&1  


   INFO  No scheduled commands are ready to run.  


   INFO  No scheduled commands are ready to run.  


   INFO  No scheduled commands are ready to run.  


   INFO  No scheduled commands are ready to run.  


   INFO  No scheduled commands are ready to run.  


   INFO  No scheduled commands are ready to run.  


   INFO  No scheduled commands are ready to run.  


   INFO  No scheduled commands are ready to run.  


   INFO  No scheduled commands are ready to run.  


  2025-04-02 20:30:02 Running ['artisan' app:notify-webinar-users]  288.51ms DONE
  ⇂ '/usr/local/bin/php' 'artisan' app:notify-webinar-users > '/dev/null' 2>&1  


   INFO  No scheduled commands are ready to run.  


   INFO  No scheduled commands are ready to run.  


   INFO  No scheduled commands are ready to run.  


   INFO  No scheduled commands are ready to run.  


   INFO  No scheduled commands are ready to run.  


   INFO  No scheduled commands are ready to run.  


   INFO  No scheduled commands are ready to run.  


   INFO  No scheduled commands are ready to run.  


   INFO  No scheduled commands are ready to run.  


  2025-04-02 20:40:01 Running ['artisan' app:notify-webinar-users]  299.72ms DONE
  ⇂ '/usr/local/bin/php' 'artisan' app:notify-webinar-users > '/dev/null' 2>&1  


   INFO  No scheduled commands are ready to run.  


   INFO  No scheduled commands are ready to run.  


   INFO  No scheduled commands are ready to run.  


   INFO  No scheduled commands are ready to run.  


   INFO  No scheduled commands are ready to run.  


   INFO  No scheduled commands are ready to run.  


   INFO  No scheduled commands are ready to run.  


   INFO  No scheduled commands are ready to run.  


   INFO  No scheduled commands are ready to run.  


  2025-04-02 20:50:01 Running ['artisan' app:notify-webinar-users]  305.13ms DONE
  ⇂ '/usr/local/bin/php' 'artisan' app:notify-webinar-users > '/dev/null' 2>&1  


   INFO  No scheduled commands are ready to run.  


   INFO  No scheduled commands are ready to run.  


   INFO  No scheduled commands are ready to run.  


   INFO  No scheduled commands are ready to run.  


   INFO  No scheduled commands are ready to run.  


   INFO  No scheduled commands are ready to run.  


   INFO  No scheduled commands are ready to run.  


   INFO  No scheduled commands are ready to run.  


   INFO  No scheduled commands are ready to run.  


  2025-04-02 21:00:02 Running ['artisan' app:notify-webinar-users]  399.54ms DONE
  ⇂ '/usr/local/bin/php' 'artisan' app:notify-webinar-users > '/dev/null' 2>&1  


   INFO  No scheduled commands are ready to run.  


   INFO  No scheduled commands are ready to run.  


   INFO  No scheduled commands are ready to run.  


   INFO  No scheduled commands are ready to run.  


   INFO  No scheduled commands are ready to run.  


   INFO  No scheduled commands are ready to run.  


   INFO  No scheduled commands are ready to run.  


   INFO  No scheduled commands are ready to run.  


   INFO  No scheduled commands are ready to run.  


  2025-04-02 21:10:01 Running ['artisan' app:notify-webinar-users]  284.31ms DONE
  ⇂ '/usr/local/bin/php' 'artisan' app:notify-webinar-users > '/dev/null' 2>&1  


   INFO  No scheduled commands are ready to run.  


   INFO  No scheduled commands are ready to run.  


   INFO  No scheduled commands are ready to run.  


   INFO  No scheduled commands are ready to run.  


   INFO  No scheduled commands are ready to run.  


   INFO  No scheduled commands are ready to run.  


   INFO  No scheduled commands are ready to run.  


   INFO  No scheduled commands are ready to run.  


   INFO  No scheduled commands are ready to run.  


  2025-04-02 21:20:01 Running ['artisan' app:notify-webinar-users]  293.21ms DONE
  ⇂ '/usr/local/bin/php' 'artisan' app:notify-webinar-users > '/dev/null' 2>&1  


   INFO  No scheduled commands are ready to run.  


   INFO  No scheduled commands are ready to run.  


   INFO  No scheduled commands are ready to run.  


   INFO  No scheduled commands are ready to run.  


   INFO  No scheduled commands are ready to run.  


   INFO  No scheduled commands are ready to run.  


   INFO  No scheduled commands are ready to run.  


   INFO  No scheduled commands are ready to run.  


   INFO  No scheduled commands are ready to run.  


  2025-04-02 21:30:01 Running ['artisan' app:notify-webinar-users]  317.96ms DONE
  ⇂ '/usr/local/bin/php' 'artisan' app:notify-webinar-users > '/dev/null' 2>&1  


   INFO  No scheduled commands are ready to run.  


   INFO  No scheduled commands are ready to run.  


   INFO  No scheduled commands are ready to run.  


   INFO  No scheduled commands are ready to run.  


   INFO  No scheduled commands are ready to run.  


   INFO  No scheduled commands are ready to run.  


   INFO  No scheduled commands are ready to run.  


   INFO  No scheduled commands are ready to run.  


   INFO  No scheduled commands are ready to run.  


  2025-04-02 21:40:01 Running ['artisan' app:notify-webinar-users]  285.64ms DONE
  ⇂ '/usr/local/bin/php' 'artisan' app:notify-webinar-users > '/dev/null' 2>&1  


   INFO  No scheduled commands are ready to run.  


   INFO  No scheduled commands are ready to run.  


   INFO  No scheduled commands are ready to run.  


   INFO  No scheduled commands are ready to run.  


   INFO  No scheduled commands are ready to run.  


   INFO  No scheduled commands are ready to run.  


   INFO  No scheduled commands are ready to run.  


   INFO  No scheduled commands are ready to run.  


   INFO  No scheduled commands are ready to run.  


   INFO  No scheduled commands are ready to run.  


   INFO  No scheduled commands are ready to run.  


   INFO  No scheduled commands are ready to run.  


   INFO  No scheduled commands are ready to run.  


   INFO  No scheduled commands are ready to run.  


   INFO  No scheduled commands are ready to run.  


   INFO  No scheduled commands are ready to run.  


   INFO  No scheduled commands are ready to run.  


   INFO  No scheduled commands are ready to run.  


  2025-04-02 22:00:01 Running ['artisan' app:notify-webinar-users]  307.67ms DONE
  ⇂ '/usr/local/bin/php' 'artisan' app:notify-webinar-users > '/dev/null' 2>&1  


   INFO  No scheduled commands are ready to run.  


   INFO  No scheduled commands are ready to run.  


   INFO  No scheduled commands are ready to run.  


   INFO  No scheduled commands are ready to run.  


   INFO  No scheduled commands are ready to run.  


   INFO  No scheduled commands are ready to run.  


   INFO  No scheduled commands are ready to run.  


   INFO  No scheduled commands are ready to run.  


   INFO  No scheduled commands are ready to run.  


  2025-04-02 22:10:02 Running ['artisan' app:notify-webinar-users]  307.16ms DONE
  ⇂ '/usr/local/bin/php' 'artisan' app:notify-webinar-users > '/dev/null' 2>&1  


   INFO  No scheduled commands are ready to run.  


   INFO  No scheduled commands are ready to run.  


   INFO  No scheduled commands are ready to run.  


   INFO  No scheduled commands are ready to run.  


   INFO  No scheduled commands are ready to run.  


   INFO  No scheduled commands are ready to run.  


   INFO  No scheduled commands are ready to run.  


   INFO  No scheduled commands are ready to run.  


   INFO  No scheduled commands are ready to run.  


  2025-04-02 22:20:01 Running ['artisan' app:notify-webinar-users]  296.22ms DONE
  ⇂ '/usr/local/bin/php' 'artisan' app:notify-webinar-users > '/dev/null' 2>&1  


   INFO  No scheduled commands are ready to run.  


   INFO  No scheduled commands are ready to run.  


   INFO  No scheduled commands are ready to run.  


   INFO  No scheduled commands are ready to run.  


   INFO  No scheduled commands are ready to run.  


   INFO  No scheduled commands are ready to run.  


   INFO  No scheduled commands are ready to run.  


   INFO  No scheduled commands are ready to run.  


   INFO  No scheduled commands are ready to run.  


  2025-04-02 22:30:01 Running ['artisan' app:notify-webinar-users]  291.60ms DONE
  ⇂ '/usr/local/bin/php' 'artisan' app:notify-webinar-users > '/dev/null' 2>&1  


   INFO  No scheduled commands are ready to run.  


   INFO  No scheduled commands are ready to run.  


   INFO  No scheduled commands are ready to run.  


   INFO  No scheduled commands are ready to run.  


   INFO  No scheduled commands are ready to run.  


   INFO  No scheduled commands are ready to run.  


   INFO  No scheduled commands are ready to run.  


   INFO  No scheduled commands are ready to run.  


   INFO  No scheduled commands are ready to run.  


  2025-04-02 22:40:01 Running ['artisan' app:notify-webinar-users]  285.81ms DONE
  ⇂ '/usr/local/bin/php' 'artisan' app:notify-webinar-users > '/dev/null' 2>&1  


   INFO  No scheduled commands are ready to run.  


   INFO  No scheduled commands are ready to run.  


   INFO  No scheduled commands are ready to run.  


   INFO  No scheduled commands are ready to run.  


   INFO  No scheduled commands are ready to run.  


   INFO  No scheduled commands are ready to run.  


   INFO  No scheduled commands are ready to run.  


   INFO  No scheduled commands are ready to run.  


   INFO  No scheduled commands are ready to run.  


  2025-04-02 22:50:01 Running ['artisan' app:notify-webinar-users]  283.29ms DONE
  ⇂ '/usr/local/bin/php' 'artisan' app:notify-webinar-users > '/dev/null' 2>&1  


   INFO  No scheduled commands are ready to run.  


   INFO  No scheduled commands are ready to run.  


   INFO  No scheduled commands are ready to run.  


   INFO  No scheduled commands are ready to run.  


   INFO  No scheduled commands are ready to run.  


   INFO  No scheduled commands are ready to run.  


   INFO  No scheduled commands are ready to run.  


   INFO  No scheduled commands are ready to run.  


   INFO  No scheduled commands are ready to run.  


  2025-04-02 23:00:01 Running ['artisan' app:notify-webinar-users]  309.31ms DONE
  ⇂ '/usr/local/bin/php' 'artisan' app:notify-webinar-users > '/dev/null' 2>&1  


   INFO  No scheduled commands are ready to run.  


   INFO  No scheduled commands are ready to run.  


   INFO  No scheduled commands are ready to run.  


   INFO  No scheduled commands are ready to run.  


   INFO  No scheduled commands are ready to run.  


   INFO  No scheduled commands are ready to run.  


   INFO  No scheduled commands are ready to run.  


   INFO  No scheduled commands are ready to run.  


   INFO  No scheduled commands are ready to run.  


  2025-04-02 23:10:01 Running ['artisan' app:notify-webinar-users]  283.85ms DONE
  ⇂ '/usr/local/bin/php' 'artisan' app:notify-webinar-users > '/dev/null' 2>&1  


   INFO  No scheduled commands are ready to run.  


   INFO  No scheduled commands are ready to run.  


   INFO  No scheduled commands are ready to run.  


   INFO  No scheduled commands are ready to run.  


   INFO  No scheduled commands are ready to run.  


   INFO  No scheduled commands are ready to run.  


   INFO  No scheduled commands are ready to run.  


   INFO  No scheduled commands are ready to run.  


   INFO  No scheduled commands are ready to run.  


  2025-04-02 23:20:01 Running ['artisan' app:notify-webinar-users]  288.16ms DONE
  ⇂ '/usr/local/bin/php' 'artisan' app:notify-webinar-users > '/dev/null' 2>&1  


   INFO  No scheduled commands are ready to run.  


   INFO  No scheduled commands are ready to run.  


   INFO  No scheduled commands are ready to run.  


   INFO  No scheduled commands are ready to run.  


   INFO  No scheduled commands are ready to run.  


   INFO  No scheduled commands are ready to run.  


   INFO  No scheduled commands are ready to run.  


   INFO  No scheduled commands are ready to run.  


   INFO  No scheduled commands are ready to run.  


  2025-04-02 23:30:01 Running ['artisan' app:notify-webinar-users]  284.27ms DONE
  ⇂ '/usr/local/bin/php' 'artisan' app:notify-webinar-users > '/dev/null' 2>&1  


   INFO  No scheduled commands are ready to run.  


   INFO  No scheduled commands are ready to run.  


   INFO  No scheduled commands are ready to run.  


   INFO  No scheduled commands are ready to run.  


   INFO  No scheduled commands are ready to run.  


   INFO  No scheduled commands are ready to run.  


   INFO  No scheduled commands are ready to run.  


   INFO  No scheduled commands are ready to run.  


   INFO  No scheduled commands are ready to run.  


  2025-04-02 23:40:01 Running ['artisan' app:notify-webinar-users]  285.06ms DONE
  ⇂ '/usr/local/bin/php' 'artisan' app:notify-webinar-users > '/dev/null' 2>&1  


   INFO  No scheduled commands are ready to run.  


   INFO  No scheduled commands are ready to run.  


   INFO  No scheduled commands are ready to run.  


   INFO  No scheduled commands are ready to run.  


   INFO  No scheduled commands are ready to run.  


   INFO  No scheduled commands are ready to run.  


   INFO  No scheduled commands are ready to run.  


   INFO  No scheduled commands are ready to run.  


   INFO  No scheduled commands are ready to run.  


  2025-04-02 23:50:01 Running ['artisan' app:notify-webinar-users]  401.83ms DONE
  ⇂ '/usr/local/bin/php' 'artisan' app:notify-webinar-users > '/dev/null' 2>&1  


   INFO  No scheduled commands are ready to run.  


   INFO  No scheduled commands are ready to run.  


   INFO  No scheduled commands are ready to run.  


   INFO  No scheduled commands are ready to run.  


   INFO  No scheduled commands are ready to run.  


   INFO  No scheduled commands are ready to run.  


   INFO  No scheduled commands are ready to run.  


   INFO  No scheduled commands are ready to run.  


   INFO  No scheduled commands are ready to run.  


  2025-04-03 00:00:02 Running ['artisan' app:notify-webinar-users]  372.13ms DONE
  ⇂ '/usr/local/bin/php' 'artisan' app:notify-webinar-users > '/dev/null' 2>&1  


   INFO  No scheduled commands are ready to run.  


   INFO  No scheduled commands are ready to run.  


   INFO  No scheduled commands are ready to run.  


   INFO  No scheduled commands are ready to run.  


   INFO  No scheduled commands are ready to run.  


   INFO  No scheduled commands are ready to run.  


   INFO  No scheduled commands are ready to run.  


   INFO  No scheduled commands are ready to run.  


   INFO  No scheduled commands are ready to run.  


  2025-04-03 00:10:02 Running ['artisan' app:notify-webinar-users]  300.35ms DONE
  ⇂ '/usr/local/bin/php' 'artisan' app:notify-webinar-users > '/dev/null' 2>&1  


   INFO  No scheduled commands are ready to run.  


   INFO  No scheduled commands are ready to run.  


   INFO  No scheduled commands are ready to run.  


   INFO  No scheduled commands are ready to run.  


   INFO  No scheduled commands are ready to run.  


   INFO  No scheduled commands are ready to run.  


   INFO  No scheduled commands are ready to run.  


   INFO  No scheduled commands are ready to run.  


   INFO  No scheduled commands are ready to run.  


  2025-04-03 00:20:02 Running ['artisan' app:notify-webinar-users]  284.65ms DONE
  ⇂ '/usr/local/bin/php' 'artisan' app:notify-webinar-users > '/dev/null' 2>&1  


   INFO  No scheduled commands are ready to run.  


   INFO  No scheduled commands are ready to run.  


   INFO  No scheduled commands are ready to run.  


   INFO  No scheduled commands are ready to run.  


   INFO  No scheduled commands are ready to run.  


   INFO  No scheduled commands are ready to run.  


   INFO  No scheduled commands are ready to run.  


   INFO  No scheduled commands are ready to run.  


   INFO  No scheduled commands are ready to run.  


  2025-04-03 00:30:01 Running ['artisan' app:notify-webinar-users]  301.57ms DONE
  ⇂ '/usr/local/bin/php' 'artisan' app:notify-webinar-users > '/dev/null' 2>&1  


   INFO  No scheduled commands are ready to run.  


   INFO  No scheduled commands are ready to run.  


   INFO  No scheduled commands are ready to run.  


   INFO  No scheduled commands are ready to run.  


   INFO  No scheduled commands are ready to run.  


   INFO  No scheduled commands are ready to run.  


   INFO  No scheduled commands are ready to run.  


   INFO  No scheduled commands are ready to run.  


   INFO  No scheduled commands are ready to run.  


  2025-04-03 00:40:01 Running ['artisan' app:notify-webinar-users]  275.92ms DONE
  ⇂ '/usr/local/bin/php' 'artisan' app:notify-webinar-users > '/dev/null' 2>&1  


   INFO  No scheduled commands are ready to run.  


   INFO  No scheduled commands are ready to run.  


   INFO  No scheduled commands are ready to run.  


   INFO  No scheduled commands are ready to run.  


   INFO  No scheduled commands are ready to run.  


   INFO  No scheduled commands are ready to run.  


   INFO  No scheduled commands are ready to run.  


   INFO  No scheduled commands are ready to run.  


   INFO  No scheduled commands are ready to run.  


  2025-04-03 00:50:02 Running ['artisan' app:notify-webinar-users]  297.88ms DONE
  ⇂ '/usr/local/bin/php' 'artisan' app:notify-webinar-users > '/dev/null' 2>&1  


   INFO  No scheduled commands are ready to run.  


   INFO  No scheduled commands are ready to run.  


   INFO  No scheduled commands are ready to run.  


   INFO  No scheduled commands are ready to run.  


   INFO  No scheduled commands are ready to run.  


   INFO  No scheduled commands are ready to run.  


   INFO  No scheduled commands are ready to run.  


   INFO  No scheduled commands are ready to run.  


   INFO  No scheduled commands are ready to run.  


  2025-04-03 01:00:02 Running ['artisan' app:notify-webinar-users]  371.81ms DONE
  ⇂ '/usr/local/bin/php' 'artisan' app:notify-webinar-users > '/dev/null' 2>&1  


   INFO  No scheduled commands are ready to run.  


   INFO  No scheduled commands are ready to run.  


   INFO  No scheduled commands are ready to run.  


   INFO  No scheduled commands are ready to run.  


   INFO  No scheduled commands are ready to run.  


   INFO  No scheduled commands are ready to run.  


   INFO  No scheduled commands are ready to run.  


   INFO  No scheduled commands are ready to run.  


   INFO  No scheduled commands are ready to run.  


  2025-04-03 01:10:01 Running ['artisan' app:notify-webinar-users]  286.61ms DONE
  ⇂ '/usr/local/bin/php' 'artisan' app:notify-webinar-users > '/dev/null' 2>&1  


   INFO  No scheduled commands are ready to run.  


   INFO  No scheduled commands are ready to run.  


   INFO  No scheduled commands are ready to run.  


   INFO  No scheduled commands are ready to run.  


   INFO  No scheduled commands are ready to run.  


   INFO  No scheduled commands are ready to run.  


   INFO  No scheduled commands are ready to run.  


   INFO  No scheduled commands are ready to run.  


   INFO  No scheduled commands are ready to run.  


  2025-04-03 01:20:01 Running ['artisan' app:notify-webinar-users]  283.66ms DONE
  ⇂ '/usr/local/bin/php' 'artisan' app:notify-webinar-users > '/dev/null' 2>&1  


   INFO  No scheduled commands are ready to run.  


   INFO  No scheduled commands are ready to run.  


   INFO  No scheduled commands are ready to run.  


   INFO  No scheduled commands are ready to run.  


   INFO  No scheduled commands are ready to run.  


   INFO  No scheduled commands are ready to run.  


   INFO  No scheduled commands are ready to run.  


   INFO  No scheduled commands are ready to run.  


   INFO  No scheduled commands are ready to run.  


  2025-04-03 01:30:01 Running ['artisan' app:notify-webinar-users]  301.97ms DONE
  ⇂ '/usr/local/bin/php' 'artisan' app:notify-webinar-users > '/dev/null' 2>&1  


   INFO  No scheduled commands are ready to run.  


   INFO  No scheduled commands are ready to run.  


   INFO  No scheduled commands are ready to run.  


   INFO  No scheduled commands are ready to run.  


   INFO  No scheduled commands are ready to run.  


   INFO  No scheduled commands are ready to run.  


   INFO  No scheduled commands are ready to run.  


   INFO  No scheduled commands are ready to run.  


   INFO  No scheduled commands are ready to run.  


  2025-04-03 01:40:01 Running ['artisan' app:notify-webinar-users]  364.18ms DONE
  ⇂ '/usr/local/bin/php' 'artisan' app:notify-webinar-users > '/dev/null' 2>&1  


   INFO  No scheduled commands are ready to run.  


   INFO  No scheduled commands are ready to run.  


   INFO  No scheduled commands are ready to run.  


   INFO  No scheduled commands are ready to run.  


   INFO  No scheduled commands are ready to run.  


   INFO  No scheduled commands are ready to run.  


   INFO  No scheduled commands are ready to run.  


   INFO  No scheduled commands are ready to run.  


   INFO  No scheduled commands are ready to run.  


  2025-04-03 01:50:01 Running ['artisan' app:notify-webinar-users]  276.35ms DONE
  ⇂ '/usr/local/bin/php' 'artisan' app:notify-webinar-users > '/dev/null' 2>&1  


   INFO  No scheduled commands are ready to run.  


   INFO  No scheduled commands are ready to run.  


   INFO  No scheduled commands are ready to run.  


   INFO  No scheduled commands are ready to run.  


   INFO  No scheduled commands are ready to run.  


   INFO  No scheduled commands are ready to run.  


   INFO  No scheduled commands are ready to run.  


   INFO  No scheduled commands are ready to run.  


   INFO  No scheduled commands are ready to run.  


  2025-04-03 02:00:01 Running ['artisan' app:notify-webinar-users]  299.11ms DONE
  ⇂ '/usr/local/bin/php' 'artisan' app:notify-webinar-users > '/dev/null' 2>&1  


   INFO  No scheduled commands are ready to run.  


   INFO  No scheduled commands are ready to run.  


   INFO  No scheduled commands are ready to run.  


   INFO  No scheduled commands are ready to run.  


   INFO  No scheduled commands are ready to run.  


   INFO  No scheduled commands are ready to run.  


   INFO  No scheduled commands are ready to run.  


   INFO  No scheduled commands are ready to run.  


   INFO  No scheduled commands are ready to run.  


  2025-04-03 02:10:01 Running ['artisan' app:notify-webinar-users]  272.16ms DONE
  ⇂ '/usr/local/bin/php' 'artisan' app:notify-webinar-users > '/dev/null' 2>&1  


   INFO  No scheduled commands are ready to run.  


   INFO  No scheduled commands are ready to run.  


   INFO  No scheduled commands are ready to run.  


   INFO  No scheduled commands are ready to run.  


   INFO  No scheduled commands are ready to run.  


   INFO  No scheduled commands are ready to run.  


   INFO  No scheduled commands are ready to run.  


   INFO  No scheduled commands are ready to run.  


   INFO  No scheduled commands are ready to run.  


  2025-04-03 02:20:01 Running ['artisan' app:notify-webinar-users]  304.99ms DONE
  ⇂ '/usr/local/bin/php' 'artisan' app:notify-webinar-users > '/dev/null' 2>&1  


   INFO  No scheduled commands are ready to run.  


   INFO  No scheduled commands are ready to run.  


   INFO  No scheduled commands are ready to run.  


   INFO  No scheduled commands are ready to run.  


   INFO  No scheduled commands are ready to run.  


   INFO  No scheduled commands are ready to run.  


   INFO  No scheduled commands are ready to run.  


   INFO  No scheduled commands are ready to run.  


   INFO  No scheduled commands are ready to run.  


  2025-04-03 02:30:01 Running ['artisan' app:notify-webinar-users]  347.38ms DONE
  ⇂ '/usr/local/bin/php' 'artisan' app:notify-webinar-users > '/dev/null' 2>&1  


   INFO  No scheduled commands are ready to run.  


   INFO  No scheduled commands are ready to run.  


   INFO  No scheduled commands are ready to run.  


   INFO  No scheduled commands are ready to run.  


   INFO  No scheduled commands are ready to run.  


   INFO  No scheduled commands are ready to run.  


   INFO  No scheduled commands are ready to run.  


   INFO  No scheduled commands are ready to run.  


   INFO  No scheduled commands are ready to run.  


  2025-04-03 02:40:01 Running ['artisan' app:notify-webinar-users]  283.02ms DONE
  ⇂ '/usr/local/bin/php' 'artisan' app:notify-webinar-users > '/dev/null' 2>&1  


   INFO  No scheduled commands are ready to run.  


   INFO  No scheduled commands are ready to run.  


   INFO  No scheduled commands are ready to run.  


   INFO  No scheduled commands are ready to run.  


   INFO  No scheduled commands are ready to run.  


   INFO  No scheduled commands are ready to run.  


   INFO  No scheduled commands are ready to run.  


   INFO  No scheduled commands are ready to run.  


   INFO  No scheduled commands are ready to run.  


  2025-04-03 02:50:01 Running ['artisan' app:notify-webinar-users]  288.76ms DONE
  ⇂ '/usr/local/bin/php' 'artisan' app:notify-webinar-users > '/dev/null' 2>&1  


   INFO  No scheduled commands are ready to run.  


   INFO  No scheduled commands are ready to run.  


   INFO  No scheduled commands are ready to run.  


   INFO  No scheduled commands are ready to run.  


   INFO  No scheduled commands are ready to run.  


   INFO  No scheduled commands are ready to run.  


   INFO  No scheduled commands are ready to run.  


   INFO  No scheduled commands are ready to run.  


   INFO  No scheduled commands are ready to run.  


  2025-04-03 03:00:01 Running ['artisan' app:notify-webinar-users]  290.85ms DONE
  ⇂ '/usr/local/bin/php' 'artisan' app:notify-webinar-users > '/dev/null' 2>&1  


   INFO  No scheduled commands are ready to run.  


   INFO  No scheduled commands are ready to run.  


   INFO  No scheduled commands are ready to run.  


   INFO  No scheduled commands are ready to run.  


   INFO  No scheduled commands are ready to run.  


   INFO  No scheduled commands are ready to run.  


   INFO  No scheduled commands are ready to run.  


   INFO  No scheduled commands are ready to run.  


   INFO  No scheduled commands are ready to run.  


  2025-04-03 03:10:01 Running ['artisan' app:notify-webinar-users]  289.26ms DONE
  ⇂ '/usr/local/bin/php' 'artisan' app:notify-webinar-users > '/dev/null' 2>&1  


   INFO  No scheduled commands are ready to run.  


   INFO  No scheduled commands are ready to run.  


   INFO  No scheduled commands are ready to run.  


   INFO  No scheduled commands are ready to run.  


   INFO  No scheduled commands are ready to run.  


   INFO  No scheduled commands are ready to run.  


   INFO  No scheduled commands are ready to run.  


   INFO  No scheduled commands are ready to run.  


   INFO  No scheduled commands are ready to run.  


  2025-04-03 03:20:01 Running ['artisan' app:notify-webinar-users]  283.23ms DONE
  ⇂ '/usr/local/bin/php' 'artisan' app:notify-webinar-users > '/dev/null' 2>&1  


   INFO  No scheduled commands are ready to run.  


   INFO  No scheduled commands are ready to run.  


   INFO  No scheduled commands are ready to run.  


   INFO  No scheduled commands are ready to run.  


   INFO  No scheduled commands are ready to run.  


   INFO  No scheduled commands are ready to run.  


   INFO  No scheduled commands are ready to run.  


   INFO  No scheduled commands are ready to run.  


   INFO  No scheduled commands are ready to run.  


  2025-04-03 03:30:02 Running ['artisan' app:notify-webinar-users]  346.29ms DONE
  ⇂ '/usr/local/bin/php' 'artisan' app:notify-webinar-users > '/dev/null' 2>&1  


   INFO  No scheduled commands are ready to run.  


   INFO  No scheduled commands are ready to run.  


   INFO  No scheduled commands are ready to run.  


   INFO  No scheduled commands are ready to run.  


   INFO  No scheduled commands are ready to run.  


   INFO  No scheduled commands are ready to run.  


   INFO  No scheduled commands are ready to run.  


   INFO  No scheduled commands are ready to run.  


   INFO  No scheduled commands are ready to run.  


  2025-04-03 03:40:02 Running ['artisan' app:notify-webinar-users]  293.98ms DONE
  ⇂ '/usr/local/bin/php' 'artisan' app:notify-webinar-users > '/dev/null' 2>&1  


   INFO  No scheduled commands are ready to run.  


   INFO  No scheduled commands are ready to run.  


   INFO  No scheduled commands are ready to run.  


   INFO  No scheduled commands are ready to run.  


   INFO  No scheduled commands are ready to run.  


   INFO  No scheduled commands are ready to run.  


   INFO  No scheduled commands are ready to run.  


   INFO  No scheduled commands are ready to run.  


   INFO  No scheduled commands are ready to run.  


  2025-04-03 03:50:01 Running ['artisan' app:notify-webinar-users]  299.82ms DONE
  ⇂ '/usr/local/bin/php' 'artisan' app:notify-webinar-users > '/dev/null' 2>&1  


   INFO  No scheduled commands are ready to run.  


   INFO  No scheduled commands are ready to run.  


   INFO  No scheduled commands are ready to run.  


   INFO  No scheduled commands are ready to run.  


   INFO  No scheduled commands are ready to run.  


   INFO  No scheduled commands are ready to run.  


   INFO  No scheduled commands are ready to run.  


   INFO  No scheduled commands are ready to run.  


   INFO  No scheduled commands are ready to run.  


  2025-04-03 04:00:01 Running ['artisan' app:notify-webinar-users]  290.22ms DONE
  ⇂ '/usr/local/bin/php' 'artisan' app:notify-webinar-users > '/dev/null' 2>&1  


   INFO  No scheduled commands are ready to run.  


   INFO  No scheduled commands are ready to run.  


   INFO  No scheduled commands are ready to run.  


   INFO  No scheduled commands are ready to run.  


   INFO  No scheduled commands are ready to run.  


   INFO  No scheduled commands are ready to run.  


   INFO  No scheduled commands are ready to run.  


   INFO  No scheduled commands are ready to run.  


   INFO  No scheduled commands are ready to run.  


  2025-04-03 04:10:01 Running ['artisan' app:notify-webinar-users]  288.28ms DONE
  ⇂ '/usr/local/bin/php' 'artisan' app:notify-webinar-users > '/dev/null' 2>&1  


   INFO  No scheduled commands are ready to run.  


   INFO  No scheduled commands are ready to run.  


   INFO  No scheduled commands are ready to run.  


   INFO  No scheduled commands are ready to run.  


   INFO  No scheduled commands are ready to run.  


   INFO  No scheduled commands are ready to run.  


   INFO  No scheduled commands are ready to run.  


   INFO  No scheduled commands are ready to run.  


   INFO  No scheduled commands are ready to run.  


  2025-04-03 04:20:01 Running ['artisan' app:notify-webinar-users]  296.26ms DONE
  ⇂ '/usr/local/bin/php' 'artisan' app:notify-webinar-users > '/dev/null' 2>&1  


   INFO  No scheduled commands are ready to run.  


   INFO  No scheduled commands are ready to run.  


   INFO  No scheduled commands are ready to run.  


   INFO  No scheduled commands are ready to run.  


   INFO  No scheduled commands are ready to run.  


   INFO  No scheduled commands are ready to run.  


   INFO  No scheduled commands are ready to run.  


   INFO  No scheduled commands are ready to run.  


   INFO  No scheduled commands are ready to run.  


  2025-04-03 04:30:01 Running ['artisan' app:notify-webinar-users]  341.17ms DONE
  ⇂ '/usr/local/bin/php' 'artisan' app:notify-webinar-users > '/dev/null' 2>&1  


   INFO  No scheduled commands are ready to run.  


   INFO  No scheduled commands are ready to run.  


   INFO  No scheduled commands are ready to run.  


   INFO  No scheduled commands are ready to run.  


   INFO  No scheduled commands are ready to run.  


   INFO  No scheduled commands are ready to run.  


   INFO  No scheduled commands are ready to run.  


   INFO  No scheduled commands are ready to run.  


   INFO  No scheduled commands are ready to run.  


  2025-04-03 04:40:01 Running ['artisan' app:notify-webinar-users]  278.61ms DONE
  ⇂ '/usr/local/bin/php' 'artisan' app:notify-webinar-users > '/dev/null' 2>&1  


   INFO  No scheduled commands are ready to run.  


   INFO  No scheduled commands are ready to run.  


   INFO  No scheduled commands are ready to run.  


   INFO  No scheduled commands are ready to run.  


   INFO  No scheduled commands are ready to run.  


   INFO  No scheduled commands are ready to run.  


   INFO  No scheduled commands are ready to run.  


   INFO  No scheduled commands are ready to run.  


   INFO  No scheduled commands are ready to run.  


  2025-04-03 04:50:01 Running ['artisan' app:notify-webinar-users]  275.67ms DONE
  ⇂ '/usr/local/bin/php' 'artisan' app:notify-webinar-users > '/dev/null' 2>&1  


   INFO  No scheduled commands are ready to run.  


   INFO  No scheduled commands are ready to run.  


   INFO  No scheduled commands are ready to run.  


   INFO  No scheduled commands are ready to run.  


   INFO  No scheduled commands are ready to run.  


   INFO  No scheduled commands are ready to run.  


   INFO  No scheduled commands are ready to run.  


   INFO  No scheduled commands are ready to run.  


   INFO  No scheduled commands are ready to run.  


  2025-04-03 05:00:01 Running ['artisan' app:notify-webinar-users]  680.94ms DONE
  ⇂ '/usr/local/bin/php' 'artisan' app:notify-webinar-users > '/dev/null' 2>&1  


   INFO  No scheduled commands are ready to run.  


   INFO  No scheduled commands are ready to run.  


   INFO  No scheduled commands are ready to run.  


   INFO  No scheduled commands are ready to run.  


   INFO  No scheduled commands are ready to run.  


   INFO  No scheduled commands are ready to run.  


   INFO  No scheduled commands are ready to run.  


   INFO  No scheduled commands are ready to run.  


   INFO  No scheduled commands are ready to run.  


  2025-04-03 05:10:01 Running ['artisan' app:notify-webinar-users]  294.57ms DONE
  ⇂ '/usr/local/bin/php' 'artisan' app:notify-webinar-users > '/dev/null' 2>&1  


   INFO  No scheduled commands are ready to run.  


   INFO  No scheduled commands are ready to run.  


   INFO  No scheduled commands are ready to run.  


   INFO  No scheduled commands are ready to run.  


   INFO  No scheduled commands are ready to run.  


   INFO  No scheduled commands are ready to run.  


   INFO  No scheduled commands are ready to run.  


   INFO  No scheduled commands are ready to run.  


   INFO  No scheduled commands are ready to run.  


  2025-04-03 05:20:01 Running ['artisan' app:notify-webinar-users]  309.04ms DONE
  ⇂ '/usr/local/bin/php' 'artisan' app:notify-webinar-users > '/dev/null' 2>&1  


   INFO  No scheduled commands are ready to run.  


   INFO  No scheduled commands are ready to run.  


   INFO  No scheduled commands are ready to run.  


   INFO  No scheduled commands are ready to run.  


   INFO  No scheduled commands are ready to run.  


   INFO  No scheduled commands are ready to run.  


   INFO  No scheduled commands are ready to run.  


   INFO  No scheduled commands are ready to run.  


   INFO  No scheduled commands are ready to run.  


  2025-04-03 05:30:02 Running ['artisan' app:notify-webinar-users]  310.58ms DONE
  ⇂ '/usr/local/bin/php' 'artisan' app:notify-webinar-users > '/dev/null' 2>&1  


   INFO  No scheduled commands are ready to run.  


   INFO  No scheduled commands are ready to run.  


   INFO  No scheduled commands are ready to run.  


   INFO  No scheduled commands are ready to run.  


   INFO  No scheduled commands are ready to run.  


   INFO  No scheduled commands are ready to run.  


   INFO  No scheduled commands are ready to run.  


   INFO  No scheduled commands are ready to run.  


   INFO  No scheduled commands are ready to run.  


  2025-04-03 05:40:01 Running ['artisan' app:notify-webinar-users]  294.19ms DONE
  ⇂ '/usr/local/bin/php' 'artisan' app:notify-webinar-users > '/dev/null' 2>&1  


   INFO  No scheduled commands are ready to run.  


   INFO  No scheduled commands are ready to run.  


   INFO  No scheduled commands are ready to run.  


   INFO  No scheduled commands are ready to run.  


   INFO  No scheduled commands are ready to run.  


   INFO  No scheduled commands are ready to run.  


   INFO  No scheduled commands are ready to run.  


   INFO  No scheduled commands are ready to run.  


   INFO  No scheduled commands are ready to run.  


  2025-04-03 05:50:01 Running ['artisan' app:notify-webinar-users]  311.28ms DONE
  ⇂ '/usr/local/bin/php' 'artisan' app:notify-webinar-users > '/dev/null' 2>&1  


   INFO  No scheduled commands are ready to run.  


   INFO  No scheduled commands are ready to run.  


   INFO  No scheduled commands are ready to run.  


   INFO  No scheduled commands are ready to run.  


   INFO  No scheduled commands are ready to run.  


   INFO  No scheduled commands are ready to run.  


   INFO  No scheduled commands are ready to run.  


   INFO  No scheduled commands are ready to run.  


   INFO  No scheduled commands are ready to run.  


  2025-04-03 06:00:01 Running ['artisan' app:notify-webinar-users]  321.74ms DONE
  ⇂ '/usr/local/bin/php' 'artisan' app:notify-webinar-users > '/dev/null' 2>&1  


   INFO  No scheduled commands are ready to run.  


   INFO  No scheduled commands are ready to run.  


   INFO  No scheduled commands are ready to run.  


   INFO  No scheduled commands are ready to run.  


   INFO  No scheduled commands are ready to run.  


   INFO  No scheduled commands are ready to run.  


   INFO  No scheduled commands are ready to run.  


   INFO  No scheduled commands are ready to run.  


   INFO  No scheduled commands are ready to run.  


  2025-04-03 06:10:01 Running ['artisan' app:notify-webinar-users]  324.12ms DONE
  ⇂ '/usr/local/bin/php' 'artisan' app:notify-webinar-users > '/dev/null' 2>&1  


   INFO  No scheduled commands are ready to run.  


   INFO  No scheduled commands are ready to run.  


   INFO  No scheduled commands are ready to run.  


   INFO  No scheduled commands are ready to run.  


   INFO  No scheduled commands are ready to run.  


   INFO  No scheduled commands are ready to run.  


   INFO  No scheduled commands are ready to run.  


   INFO  No scheduled commands are ready to run.  


   INFO  No scheduled commands are ready to run.  


  2025-04-03 06:20:02 Running ['artisan' app:notify-webinar-users]  280.56ms DONE
  ⇂ '/usr/local/bin/php' 'artisan' app:notify-webinar-users > '/dev/null' 2>&1  


   INFO  No scheduled commands are ready to run.  


   INFO  No scheduled commands are ready to run.  


   INFO  No scheduled commands are ready to run.  


   INFO  No scheduled commands are ready to run.  


   INFO  No scheduled commands are ready to run.  


   INFO  No scheduled commands are ready to run.  


   INFO  No scheduled commands are ready to run.  


   INFO  No scheduled commands are ready to run.  


   INFO  No scheduled commands are ready to run.  


  2025-04-03 06:30:02 Running ['artisan' app:notify-webinar-users]  300.68ms DONE
  ⇂ '/usr/local/bin/php' 'artisan' app:notify-webinar-users > '/dev/null' 2>&1  


   INFO  No scheduled commands are ready to run.  


   INFO  No scheduled commands are ready to run.  


   INFO  No scheduled commands are ready to run.  


   INFO  No scheduled commands are ready to run.  


   INFO  No scheduled commands are ready to run.  


   INFO  No scheduled commands are ready to run.  


   INFO  No scheduled commands are ready to run.  


   INFO  No scheduled commands are ready to run.  


   INFO  No scheduled commands are ready to run.  


  2025-04-03 06:40:02 Running ['artisan' app:notify-webinar-users]  366.73ms DONE
  ⇂ '/usr/local/bin/php' 'artisan' app:notify-webinar-users > '/dev/null' 2>&1  


   INFO  No scheduled commands are ready to run.  


   INFO  No scheduled commands are ready to run.  


   INFO  No scheduled commands are ready to run.  


   INFO  No scheduled commands are ready to run.  


   INFO  No scheduled commands are ready to run.  


   INFO  No scheduled commands are ready to run.  


   INFO  No scheduled commands are ready to run.  


   INFO  No scheduled commands are ready to run.  


   INFO  No scheduled commands are ready to run.  


  2025-04-03 06:50:01 Running ['artisan' app:notify-webinar-users]  387.29ms DONE
  ⇂ '/usr/local/bin/php' 'artisan' app:notify-webinar-users > '/dev/null' 2>&1  


   INFO  No scheduled commands are ready to run.  


   INFO  No scheduled commands are ready to run.  


   INFO  No scheduled commands are ready to run.  


   INFO  No scheduled commands are ready to run.  


   INFO  No scheduled commands are ready to run.  


   INFO  No scheduled commands are ready to run.  


   INFO  No scheduled commands are ready to run.  


   INFO  No scheduled commands are ready to run.  


   INFO  No scheduled commands are ready to run.  


  2025-04-03 07:00:01 Running ['artisan' app:notify-webinar-users]  381.92ms DONE
  ⇂ '/usr/local/bin/php' 'artisan' app:notify-webinar-users > '/dev/null' 2>&1  


   INFO  No scheduled commands are ready to run.  


   INFO  No scheduled commands are ready to run.  


   INFO  No scheduled commands are ready to run.  


   INFO  No scheduled commands are ready to run.  


   INFO  No scheduled commands are ready to run.  


   INFO  No scheduled commands are ready to run.  


   INFO  No scheduled commands are ready to run.  


   INFO  No scheduled commands are ready to run.  


   INFO  No scheduled commands are ready to run.  


  2025-04-03 07:10:02 Running ['artisan' app:notify-webinar-users]  282.92ms DONE
  ⇂ '/usr/local/bin/php' 'artisan' app:notify-webinar-users > '/dev/null' 2>&1  


   INFO  No scheduled commands are ready to run.  


   INFO  No scheduled commands are ready to run.  


   INFO  No scheduled commands are ready to run.  


   INFO  No scheduled commands are ready to run.  


   INFO  No scheduled commands are ready to run.  


   INFO  No scheduled commands are ready to run.  


   INFO  No scheduled commands are ready to run.  


   INFO  No scheduled commands are ready to run.  


   INFO  No scheduled commands are ready to run.  


  2025-04-03 07:20:01 Running ['artisan' app:notify-webinar-users]  290.12ms DONE
  ⇂ '/usr/local/bin/php' 'artisan' app:notify-webinar-users > '/dev/null' 2>&1  


   INFO  No scheduled commands are ready to run.  


   INFO  No scheduled commands are ready to run.  


   INFO  No scheduled commands are ready to run.  


   INFO  No scheduled commands are ready to run.  


   INFO  No scheduled commands are ready to run.  


   INFO  No scheduled commands are ready to run.  


   INFO  No scheduled commands are ready to run.  


   INFO  No scheduled commands are ready to run.  


   INFO  No scheduled commands are ready to run.  


  2025-04-03 07:30:01 Running ['artisan' app:notify-webinar-users]  319.86ms DONE
  ⇂ '/usr/local/bin/php' 'artisan' app:notify-webinar-users > '/dev/null' 2>&1  


   INFO  No scheduled commands are ready to run.  


   INFO  No scheduled commands are ready to run.  


   INFO  No scheduled commands are ready to run.  


   INFO  No scheduled commands are ready to run.  


   INFO  No scheduled commands are ready to run.  


   INFO  No scheduled commands are ready to run.  


   INFO  No scheduled commands are ready to run.  


   INFO  No scheduled commands are ready to run.  


   INFO  No scheduled commands are ready to run.  


  2025-04-03 07:40:02 Running ['artisan' app:notify-webinar-users]  317.59ms DONE
  ⇂ '/usr/local/bin/php' 'artisan' app:notify-webinar-users > '/dev/null' 2>&1  


   INFO  No scheduled commands are ready to run.  


   INFO  No scheduled commands are ready to run.  


   INFO  No scheduled commands are ready to run.  


   INFO  No scheduled commands are ready to run.  


   INFO  No scheduled commands are ready to run.  


   INFO  No scheduled commands are ready to run.  


   INFO  No scheduled commands are ready to run.  


   INFO  No scheduled commands are ready to run.  


   INFO  No scheduled commands are ready to run.  


  2025-04-03 07:50:01 Running ['artisan' app:notify-webinar-users]  325.77ms DONE
  ⇂ '/usr/local/bin/php' 'artisan' app:notify-webinar-users > '/dev/null' 2>&1  


   INFO  No scheduled commands are ready to run.  


   INFO  No scheduled commands are ready to run.  


   INFO  No scheduled commands are ready to run.  


   INFO  No scheduled commands are ready to run.  


   INFO  No scheduled commands are ready to run.  


   INFO  No scheduled commands are ready to run.  


   INFO  No scheduled commands are ready to run.  


   INFO  No scheduled commands are ready to run.  


   INFO  No scheduled commands are ready to run.  


  2025-04-03 08:00:01 Running ['artisan' app:notify-webinar-users]  325.16ms DONE
  ⇂ '/usr/local/bin/php' 'artisan' app:notify-webinar-users > '/dev/null' 2>&1  


   INFO  No scheduled commands are ready to run.  


   INFO  No scheduled commands are ready to run.  


   INFO  No scheduled commands are ready to run.  


   INFO  No scheduled commands are ready to run.  


   INFO  No scheduled commands are ready to run.  


   INFO  No scheduled commands are ready to run.  


   INFO  No scheduled commands are ready to run.  


   INFO  No scheduled commands are ready to run.  


   INFO  No scheduled commands are ready to run.  


  2025-04-03 08:10:02 Running ['artisan' app:notify-webinar-users]  296.54ms DONE
  ⇂ '/usr/local/bin/php' 'artisan' app:notify-webinar-users > '/dev/null' 2>&1  


   INFO  No scheduled commands are ready to run.  


   INFO  No scheduled commands are ready to run.  


   INFO  No scheduled commands are ready to run.  


   INFO  No scheduled commands are ready to run.  


   INFO  No scheduled commands are ready to run.  


   INFO  No scheduled commands are ready to run.  


   INFO  No scheduled commands are ready to run.  


   INFO  No scheduled commands are ready to run.  


   INFO  No scheduled commands are ready to run.  


  2025-04-03 08:20:02 Running ['artisan' app:notify-webinar-users]  288.10ms DONE
  ⇂ '/usr/local/bin/php' 'artisan' app:notify-webinar-users > '/dev/null' 2>&1  


   INFO  No scheduled commands are ready to run.  


   INFO  No scheduled commands are ready to run.  


   INFO  No scheduled commands are ready to run.  


   INFO  No scheduled commands are ready to run.  


   INFO  No scheduled commands are ready to run.  


   INFO  No scheduled commands are ready to run.  


   INFO  No scheduled commands are ready to run.  


   INFO  No scheduled commands are ready to run.  


   INFO  No scheduled commands are ready to run.  


  2025-04-03 08:30:01 Running ['artisan' app:notify-webinar-users]  345.11ms DONE
  ⇂ '/usr/local/bin/php' 'artisan' app:notify-webinar-users > '/dev/null' 2>&1  


   INFO  No scheduled commands are ready to run.  


   INFO  No scheduled commands are ready to run.  


   INFO  No scheduled commands are ready to run.  


   INFO  No scheduled commands are ready to run.  


   INFO  No scheduled commands are ready to run.  


   INFO  No scheduled commands are ready to run.  


   INFO  No scheduled commands are ready to run.  


   INFO  No scheduled commands are ready to run.  


   INFO  No scheduled commands are ready to run.  


  2025-04-03 08:40:01 Running ['artisan' app:notify-webinar-users]  352.48ms DONE
  ⇂ '/usr/local/bin/php' 'artisan' app:notify-webinar-users > '/dev/null' 2>&1  


   INFO  No scheduled commands are ready to run.  


   INFO  No scheduled commands are ready to run.  


   INFO  No scheduled commands are ready to run.  


   INFO  No scheduled commands are ready to run.  


   INFO  No scheduled commands are ready to run.  


   INFO  No scheduled commands are ready to run.  


   INFO  No scheduled commands are ready to run.  


   INFO  No scheduled commands are ready to run.  


   INFO  No scheduled commands are ready to run.  


  2025-04-03 08:50:01 Running ['artisan' app:notify-webinar-users]  276.39ms DONE
  ⇂ '/usr/local/bin/php' 'artisan' app:notify-webinar-users > '/dev/null' 2>&1  


   INFO  No scheduled commands are ready to run.  


   INFO  No scheduled commands are ready to run.  


   INFO  No scheduled commands are ready to run.  


   INFO  No scheduled commands are ready to run.  


   INFO  No scheduled commands are ready to run.  


   INFO  No scheduled commands are ready to run.  


   INFO  No scheduled commands are ready to run.  


   INFO  No scheduled commands are ready to run.  


   INFO  No scheduled commands are ready to run.  


  2025-04-03 09:00:01 Running ['artisan' app:notify-webinar-users]  286.80ms DONE
  ⇂ '/usr/local/bin/php' 'artisan' app:notify-webinar-users > '/dev/null' 2>&1  


   INFO  No scheduled commands are ready to run.  


   INFO  No scheduled commands are ready to run.  


   INFO  No scheduled commands are ready to run.  


   INFO  No scheduled commands are ready to run.  


   INFO  No scheduled commands are ready to run.  


   INFO  No scheduled commands are ready to run.  


   INFO  No scheduled commands are ready to run.  


   INFO  No scheduled commands are ready to run.  


   INFO  No scheduled commands are ready to run.  


  2025-04-03 09:10:02 Running ['artisan' app:notify-webinar-users]  304.54ms DONE
  ⇂ '/usr/local/bin/php' 'artisan' app:notify-webinar-users > '/dev/null' 2>&1  


   INFO  No scheduled commands are ready to run.  


   INFO  No scheduled commands are ready to run.  


   INFO  No scheduled commands are ready to run.  


   INFO  No scheduled commands are ready to run.  


   INFO  No scheduled commands are ready to run.  


   INFO  No scheduled commands are ready to run.  


   INFO  No scheduled commands are ready to run.  


   INFO  No scheduled commands are ready to run.  


   INFO  No scheduled commands are ready to run.  


  2025-04-03 09:20:01 Running ['artisan' app:notify-webinar-users]  280.93ms DONE
  ⇂ '/usr/local/bin/php' 'artisan' app:notify-webinar-users > '/dev/null' 2>&1  


   INFO  No scheduled commands are ready to run.  


   INFO  No scheduled commands are ready to run.  


   INFO  No scheduled commands are ready to run.  


   INFO  No scheduled commands are ready to run.  


   INFO  No scheduled commands are ready to run.  


   INFO  No scheduled commands are ready to run.  


   INFO  No scheduled commands are ready to run.  


   INFO  No scheduled commands are ready to run.  


   INFO  No scheduled commands are ready to run.  


  2025-04-03 09:30:01 Running ['artisan' app:notify-webinar-users]  275.29ms DONE
  ⇂ '/usr/local/bin/php' 'artisan' app:notify-webinar-users > '/dev/null' 2>&1  


   INFO  No scheduled commands are ready to run.  


   INFO  No scheduled commands are ready to run.  


   INFO  No scheduled commands are ready to run.  


   INFO  No scheduled commands are ready to run.  


   INFO  No scheduled commands are ready to run.  


   INFO  No scheduled commands are ready to run.  


   INFO  No scheduled commands are ready to run.  


   INFO  No scheduled commands are ready to run.  


   INFO  No scheduled commands are ready to run.  


  2025-04-03 09:40:01 Running ['artisan' app:notify-webinar-users]  279.84ms DONE
  ⇂ '/usr/local/bin/php' 'artisan' app:notify-webinar-users > '/dev/null' 2>&1  


   INFO  No scheduled commands are ready to run.  


   INFO  No scheduled commands are ready to run.  


   INFO  No scheduled commands are ready to run.  


   INFO  No scheduled commands are ready to run.  


   INFO  No scheduled commands are ready to run.  


   INFO  No scheduled commands are ready to run.  


   INFO  No scheduled commands are ready to run.  


   INFO  No scheduled commands are ready to run.  


   INFO  No scheduled commands are ready to run.  


  2025-04-03 09:50:01 Running ['artisan' app:notify-webinar-users]  286.25ms DONE
  ⇂ '/usr/local/bin/php' 'artisan' app:notify-webinar-users > '/dev/null' 2>&1  


   INFO  No scheduled commands are ready to run.  


   INFO  No scheduled commands are ready to run.  


   INFO  No scheduled commands are ready to run.  


   INFO  No scheduled commands are ready to run.  


   INFO  No scheduled commands are ready to run.  


   INFO  No scheduled commands are ready to run.  


   INFO  No scheduled commands are ready to run.  


   INFO  No scheduled commands are ready to run.  


   INFO  No scheduled commands are ready to run.  


  2025-04-03 10:00:01 Running ['artisan' app:notify-webinar-users]  297.81ms DONE
  ⇂ '/usr/local/bin/php' 'artisan' app:notify-webinar-users > '/dev/null' 2>&1  


   INFO  No scheduled commands are ready to run.  


   INFO  No scheduled commands are ready to run.  


   INFO  No scheduled commands are ready to run.  


   INFO  No scheduled commands are ready to run.  


   INFO  No scheduled commands are ready to run.  


   INFO  No scheduled commands are ready to run.  


   INFO  No scheduled commands are ready to run.  


   INFO  No scheduled commands are ready to run.  


   INFO  No scheduled commands are ready to run.  


  2025-04-03 10:10:01 Running ['artisan' app:notify-webinar-users]  289.63ms DONE
  ⇂ '/usr/local/bin/php' 'artisan' app:notify-webinar-users > '/dev/null' 2>&1  


   INFO  No scheduled commands are ready to run.  


   INFO  No scheduled commands are ready to run.  


   INFO  No scheduled commands are ready to run.  


   INFO  No scheduled commands are ready to run.  


   INFO  No scheduled commands are ready to run.  


   INFO  No scheduled commands are ready to run.  


   INFO  No scheduled commands are ready to run.  


   INFO  No scheduled commands are ready to run.  


   INFO  No scheduled commands are ready to run.  


  2025-04-03 10:20:01 Running ['artisan' app:notify-webinar-users]  312.27ms DONE
  ⇂ '/usr/local/bin/php' 'artisan' app:notify-webinar-users > '/dev/null' 2>&1  


   INFO  No scheduled commands are ready to run.  


   INFO  No scheduled commands are ready to run.  


   INFO  No scheduled commands are ready to run.  


   INFO  No scheduled commands are ready to run.  


   INFO  No scheduled commands are ready to run.  


   INFO  No scheduled commands are ready to run.  


   INFO  No scheduled commands are ready to run.  


   INFO  No scheduled commands are ready to run.  


   INFO  No scheduled commands are ready to run.  


  2025-04-03 10:30:01 Running ['artisan' app:notify-webinar-users]  292.72ms DONE
  ⇂ '/usr/local/bin/php' 'artisan' app:notify-webinar-users > '/dev/null' 2>&1  


   INFO  No scheduled commands are ready to run.  


   INFO  No scheduled commands are ready to run.  


   INFO  No scheduled commands are ready to run.  


   INFO  No scheduled commands are ready to run.  


   INFO  No scheduled commands are ready to run.  


   INFO  No scheduled commands are ready to run.  


   INFO  No scheduled commands are ready to run.  


   INFO  No scheduled commands are ready to run.  


   INFO  No scheduled commands are ready to run.  


  2025-04-03 10:40:01 Running ['artisan' app:notify-webinar-users]  293.71ms DONE
  ⇂ '/usr/local/bin/php' 'artisan' app:notify-webinar-users > '/dev/null' 2>&1  


   INFO  No scheduled commands are ready to run.  


   INFO  No scheduled commands are ready to run.  


   INFO  No scheduled commands are ready to run.  


   INFO  No scheduled commands are ready to run.  


   INFO  No scheduled commands are ready to run.  


   INFO  No scheduled commands are ready to run.  


   INFO  No scheduled commands are ready to run.  


   INFO  No scheduled commands are ready to run.  


   INFO  No scheduled commands are ready to run.  


  2025-04-03 10:50:01 Running ['artisan' app:notify-webinar-users]  298.97ms DONE
  ⇂ '/usr/local/bin/php' 'artisan' app:notify-webinar-users > '/dev/null' 2>&1  


   INFO  No scheduled commands are ready to run.  


   INFO  No scheduled commands are ready to run.  


   INFO  No scheduled commands are ready to run.  


   INFO  No scheduled commands are ready to run.  


   INFO  No scheduled commands are ready to run.  


   INFO  No scheduled commands are ready to run.  


   INFO  No scheduled commands are ready to run.  


   INFO  No scheduled commands are ready to run.  


   INFO  No scheduled commands are ready to run.  


  2025-04-03 11:00:01 Running ['artisan' app:notify-webinar-users]  320.20ms DONE
  ⇂ '/usr/local/bin/php' 'artisan' app:notify-webinar-users > '/dev/null' 2>&1  


   INFO  No scheduled commands are ready to run.  


   INFO  No scheduled commands are ready to run.  


   INFO  No scheduled commands are ready to run.  


   INFO  No scheduled commands are ready to run.  


   INFO  No scheduled commands are ready to run.  


   INFO  No scheduled commands are ready to run.  


   INFO  No scheduled commands are ready to run.  


   INFO  No scheduled commands are ready to run.  


   INFO  No scheduled commands are ready to run.  


  2025-04-03 11:10:02 Running ['artisan' app:notify-webinar-users]  318.02ms DONE
  ⇂ '/usr/local/bin/php' 'artisan' app:notify-webinar-users > '/dev/null' 2>&1  


   INFO  No scheduled commands are ready to run.  


   INFO  No scheduled commands are ready to run.  


   INFO  No scheduled commands are ready to run.  


   INFO  No scheduled commands are ready to run.  


   INFO  No scheduled commands are ready to run.  


   INFO  No scheduled commands are ready to run.  

